1500007234681	geckodriver	INFO	Listening on 127.0.0.1:55122
1500007235854	geckodriver::marionette	INFO	Starting browser /Applications/Firefox.app/Contents/MacOS/firefox-bin with args ["-marionette"]
1500007240543	Marionette	INFO	Listening on port 55132
1500007240659	Marionette	WARN	TLS certificate errors will be ignored for this session
1500007241048	Marionette	DEBUG	loaded listener.js
1500007241142	Marionette	DEBUG	Received DOM event "beforeunload" for "about:blank"
2017-07-13 23:40:41.192 plugin-container[74991:2271044] *** CFMessagePort: bootstrap_register(): failed 1100 (0x44c) 'Permission denied', port = 0x963b, name = 'com.apple.tsm.portname'
See /usr/include/servers/bootstrap_defs.h for the error codes.
2017-07-13 23:40:41.193 plugin-container[74991:2271044] *** CFMessagePort: bootstrap_register(): failed 1100 (0x44c) 'Permission denied', port = 0x9903, name = 'com.apple.CFPasteboardClient'
See /usr/include/servers/bootstrap_defs.h for the error codes.
1500007243235	Marionette	DEBUG	Received DOM event "pagehide" for "about:blank"
1500007243235	Marionette	DEBUG	Received DOM event "unload" for "about:blank"
JavaScript error: https://www.expedia.com/, line 12240: ReferenceError: dctk is not defined
1500007244588	Marionette	DEBUG	Received DOM event "DOMContentLoaded" for "https://www.expedia.com/"
JavaScript error: https://a.travel-assets.com/bundles/storefront-web/secondaryContent-bundle/memberOnlyDeals-1-en_US-71280f631ec962ec4477996f18932893-min.js, line 1: ReferenceError: Handlebars is not defined
1500007246398	Marionette	DEBUG	Received DOM event "pageshow" for "https://www.expedia.com/"
JavaScript error: https://a.travel-assets.com/bundles/mercury-web/mercury/script-79fb6fdc656af375458feae7a1235897-min.js, line 5: TypeError: d.storedData is null
1500007246987	Marionette	DEBUG	Canceled page load listener because no navigation has been detected
JavaScript error: https://a.travel-assets.com/bundles/storefront-web/homepage-bundle/homepage-mercury-script-1-en_US-8664cfe3ae2f624b361424fff8472b75-min.js, line 8: TypeError: q.dctk.evaluateExperiment is not a function
JavaScript error: https://a.travel-assets.com/bundles/storefront-web/homepage-bundle/homepage-mercury-script-1-en_US-8664cfe3ae2f624b361424fff8472b75-min.js, line 8: TypeError: q.dctk.evaluateExperiment is not a function
1500007304347	geckodriver	INFO	Listening on 127.0.0.1:55349
1500007305729	geckodriver::marionette	INFO	Starting browser /Applications/Firefox.app/Contents/MacOS/firefox-bin with args ["-marionette"]
1500007309526	Marionette	INFO	Listening on port 55363
1500007309613	Marionette	WARN	TLS certificate errors will be ignored for this session
1500007309957	Marionette	DEBUG	loaded listener.js
1500007310042	Marionette	DEBUG	Received DOM event "beforeunload" for "about:blank"
2017-07-13 23:41:50.103 plugin-container[75065:2272916] *** CFMessagePort: bootstrap_register(): failed 1100 (0x44c) 'Permission denied', port = 0x963b, name = 'com.apple.tsm.portname'
See /usr/include/servers/bootstrap_defs.h for the error codes.
2017-07-13 23:41:50.105 plugin-container[75065:2272916] *** CFMessagePort: bootstrap_register(): failed 1100 (0x44c) 'Permission denied', port = 0x9903, name = 'com.apple.CFPasteboardClient'
See /usr/include/servers/bootstrap_defs.h for the error codes.
1500007311188	Marionette	DEBUG	Received DOM event "pagehide" for "about:blank"
1500007311188	Marionette	DEBUG	Received DOM event "unload" for "about:blank"
JavaScript error: https://www.expedia.com/, line 12240: ReferenceError: dctk is not defined
1500007312606	Marionette	DEBUG	Received DOM event "DOMContentLoaded" for "https://www.expedia.com/"
1500007314003	Marionette	DEBUG	Received DOM event "DOMContentLoaded" for "https://www.expedia.com/"
1500007314010	Marionette	DEBUG	Received DOM event "pageshow" for "https://www.expedia.com/"
1500007314015	Marionette	DEBUG	Received DOM event "DOMContentLoaded" for "https://www.expedia.com/"
1500007314018	Marionette	DEBUG	Received DOM event "pageshow" for "https://www.expedia.com/"
1500007314018	Marionette	DEBUG	Received DOM event "DOMContentLoaded" for "https://www.expedia.com/"
1500007314020	Marionette	DEBUG	Received DOM event "pageshow" for "https://www.expedia.com/"
1500007314021	Marionette	DEBUG	Received DOM event "DOMContentLoaded" for "https://www.expedia.com/"
1500007314022	Marionette	DEBUG	Received DOM event "pageshow" for "https://www.expedia.com/"
1500007314023	Marionette	DEBUG	Received DOM event "DOMContentLoaded" for "https://www.expedia.com/"
1500007314026	Marionette	DEBUG	Received DOM event "pageshow" for "https://www.expedia.com/"
1500007314028	Marionette	DEBUG	Received DOM event "DOMContentLoaded" for "https://www.expedia.com/"
1500007314030	Marionette	DEBUG	Received DOM event "pageshow" for "https://www.expedia.com/"
1500007314031	Marionette	DEBUG	Received DOM event "DOMContentLoaded" for "https://www.expedia.com/"
1500007314033	Marionette	DEBUG	Received DOM event "pageshow" for "https://www.expedia.com/"
1500007314320	Marionette	DEBUG	Received observer notification "outer-window-destroyed" for "2147483654"
1500007314322	Marionette	DEBUG	Received observer notification "outer-window-destroyed" for "2147483655"
1500007314326	Marionette	DEBUG	Received observer notification "outer-window-destroyed" for "2147483656"
1500007314787	Marionette	DEBUG	Received DOM event "DOMContentLoaded" for "https://tpc.googlesyndication.com/safeframe/1-0-9/html/container.html"
1500007314797	Marionette	DEBUG	Received DOM event "pageshow" for "https://tpc.googlesyndication.com/safeframe/1-0-9/html/container.html"
1500007314848	Marionette	DEBUG	Received DOM event "DOMContentLoaded" for "https://tpc.googlesyndication.com/safeframe/1-0-9/html/container.html"
1500007314853	Marionette	DEBUG	Received DOM event "pageshow" for "https://tpc.googlesyndication.com/safeframe/1-0-9/html/container.html"
1500007314869	Marionette	DEBUG	Received DOM event "DOMContentLoaded" for "https://tpc.googlesyndication.com/safeframe/1-0-9/html/container.html"
1500007314877	Marionette	DEBUG	Received DOM event "pageshow" for "https://tpc.googlesyndication.com/safeframe/1-0-9/html/container.html"
JavaScript error: https://a.travel-assets.com/datacapture/2/js/dctk.js, line 22: Error: 4301 (The given (TPID, EAPID) pair '(1, 0)' is not valid for the Experiment '13,856')
1500007315502	Marionette	DEBUG	Received DOM event "pageshow" for "https://www.expedia.com/"
1500007315570	Marionette	DEBUG	Received DOM event "DOMContentLoaded" for "https://www.expedia.com/"
1500007315732	Marionette	DEBUG	Received DOM event "DOMContentLoaded" for "https://www.expedia.com/"
1500007315740	Marionette	DEBUG	Received DOM event "pageshow" for "https://www.expedia.com/"
1500007315755	Marionette	DEBUG	Received DOM event "DOMContentLoaded" for "https://www.expedia.com/"
1500007315795	Marionette	DEBUG	Received DOM event "DOMContentLoaded" for "https://www.expedia.com/"
1500007315799	Marionette	DEBUG	Received DOM event "pageshow" for "https://www.expedia.com/"
1500007315812	Marionette	DEBUG	Received DOM event "DOMContentLoaded" for "https://www.expedia.com/"
1500007315962	Marionette	DEBUG	Received DOM event "DOMContentLoaded" for "https://googleads.g.doubleclick.net/pagead/html/r20170712/r20170110/zrt_lookup.html#"
1500007315968	Marionette	DEBUG	Received DOM event "pageshow" for "https://googleads.g.doubleclick.net/pagead/html/r20170712/r20170110/zrt_lookup.html#"
1500007315980	Marionette	DEBUG	Received DOM event "pageshow" for "https://www.expedia.com/"
1500007315981	Marionette	DEBUG	Received DOM event "DOMContentLoaded" for "https://www.expedia.com/"
1500007315986	Marionette	DEBUG	Received DOM event "pageshow" for "https://www.expedia.com/"
1500007315997	Marionette	DEBUG	Received DOM event "DOMContentLoaded" for "https://www.expedia.com/"
1500007316006	Marionette	DEBUG	Received DOM event "pageshow" for "https://www.expedia.com/"
1500007316070	Marionette	DEBUG	Received DOM event "pageshow" for "https://www.expedia.com/"
1500007316116	Marionette	DEBUG	Received DOM event "DOMContentLoaded" for "https://www.expedia.com/"
1500007316209	Marionette	DEBUG	Received DOM event "DOMContentLoaded" for "https://a.travel-assets.com/media/meso/programmatic/Expedia/US/Expedia_300x250.html"
1500007316449	Marionette	DEBUG	Received DOM event "pageshow" for "https://a.travel-assets.com/media/meso/programmatic/Expedia/US/Expedia_300x250.html"
1500007316451	Marionette	DEBUG	Received DOM event "pageshow" for "https://www.expedia.com/"
1500007316456	Marionette	DEBUG	Received DOM event "pageshow" for "https://www.expedia.com/"
1500007317023	Marionette	DEBUG	Received DOM event "DOMContentLoaded" for "https://www.expedia.com/"
1500007317026	Marionette	DEBUG	Received DOM event "pageshow" for "https://www.expedia.com/"
1500007317048	Marionette	DEBUG	Received DOM event "DOMContentLoaded" for "https://a.travel-assets.com/media/meso/programmatic/Expedia/US/Expedia_300x250.html"
1500007317053	Marionette	DEBUG	Received DOM event "pageshow" for "https://a.travel-assets.com/media/meso/programmatic/Expedia/US/Expedia_300x250.html"
1500007317154	Marionette	DEBUG	Received DOM event "DOMContentLoaded" for "https://www.expedia.com/"
1500007317156	Marionette	DEBUG	Received DOM event "pageshow" for "https://www.expedia.com/"
1500007317205	Marionette	DEBUG	Received DOM event "pageshow" for "https://www.expedia.com/"
1500007318167	Marionette	DEBUG	Received DOM event "pagehide" for "https://www.expedia.com/"
JavaScript error: https://a.travel-assets.com/bundles/mercury-web/mercury/script-79fb6fdc656af375458feae7a1235897-min.js, line 5: TypeError: d.storedData is null
1500007318314	Marionette	DEBUG	Canceled page load listener because no navigation has been detected
1500007376697	geckodriver	INFO	Listening on 127.0.0.1:55710
1500007377811	geckodriver::marionette	INFO	Starting browser /Applications/Firefox.app/Contents/MacOS/firefox-bin with args ["-marionette"]
1500007380977	Marionette	INFO	Ceased listening
1500007381905	Marionette	INFO	Listening on port 55720
1500007381990	Marionette	WARN	TLS certificate errors will be ignored for this session
1500007382423	Marionette	DEBUG	loaded listener.js
1500007382471	Marionette	DEBUG	Received DOM event "beforeunload" for "about:blank"
2017-07-13 23:43:02.549 plugin-container[75098:2274029] *** CFMessagePort: bootstrap_register(): failed 1100 (0x44c) 'Permission denied', port = 0x943b, name = 'com.apple.tsm.portname'
See /usr/include/servers/bootstrap_defs.h for the error codes.
2017-07-13 23:43:02.551 plugin-container[75098:2274029] *** CFMessagePort: bootstrap_register(): failed 1100 (0x44c) 'Permission denied', port = 0x9703, name = 'com.apple.CFPasteboardClient'
See /usr/include/servers/bootstrap_defs.h for the error codes.

###!!! [Child][MessageChannel] Error: (msgtype=0x440102,name=PContent::Msg_AsyncMessage) Channel closing: too late to send/recv, messages will be lost

JavaScript error: chrome://global/content/process-content.js, line 71: NS_ERROR_UNEXPECTED: Component returned failure code: 0x8000ffff (NS_ERROR_UNEXPECTED) [nsIMessageSender.sendAsyncMessage]

###!!! [Child][MessageChannel] Error: (msgtype=0x440102,name=PContent::Msg_AsyncMessage) Channel closing: too late to send/recv, messages will be lost

JavaScript error: chrome://global/content/process-content.js, line 71: NS_ERROR_UNEXPECTED: Component returned failure code: 0x8000ffff (NS_ERROR_UNEXPECTED) [nsIMessageSender.sendAsyncMessage]

###!!! [Child][MessageChannel] Error: (msgtype=0x440102,name=PContent::Msg_AsyncMessage) Channel closing: too late to send/recv, messages will be lost

JavaScript error: chrome://global/content/process-content.js, line 71: NS_ERROR_UNEXPECTED: Component returned failure code: 0x8000ffff (NS_ERROR_UNEXPECTED) [nsIMessageSender.sendAsyncMessage]

###!!! [Child][MessageChannel] Error: (msgtype=0x440102,name=PContent::Msg_AsyncMessage) Channel closing: too late to send/recv, messages will be lost

JavaScript error: chrome://global/content/process-content.js, line 71: NS_ERROR_UNEXPECTED: Component returned failure code: 0x8000ffff (NS_ERROR_UNEXPECTED) [nsIMessageSender.sendAsyncMessage]

###!!! [Child][MessageChannel] Error: (msgtype=0x440102,name=PContent::Msg_AsyncMessage) Channel closing: too late to send/recv, messages will be lost

JavaScript error: chrome://global/content/process-content.js, line 71: NS_ERROR_UNEXPECTED: Component returned failure code: 0x8000ffff (NS_ERROR_UNEXPECTED) [nsIMessageSender.sendAsyncMessage]

###!!! [Child][MessageChannel] Error: (msgtype=0x440102,name=PContent::Msg_AsyncMessage) Channel closing: too late to send/recv, messages will be lost

JavaScript error: chrome://global/content/process-content.js, line 71: NS_ERROR_UNEXPECTED: Component returned failure code: 0x8000ffff (NS_ERROR_UNEXPECTED) [nsIMessageSender.sendAsyncMessage]

###!!! [Child][MessageChannel] Error: (msgtype=0x440102,name=PContent::Msg_AsyncMessage) Channel closing: too late to send/recv, messages will be lost

JavaScript error: chrome://global/content/process-content.js, line 71: NS_ERROR_UNEXPECTED: Component returned failure code: 0x8000ffff (NS_ERROR_UNEXPECTED) [nsIMessageSender.sendAsyncMessage]

###!!! [Child][MessageChannel] Error: (msgtype=0x440102,name=PContent::Msg_AsyncMessage) Channel closing: too late to send/recv, messages will be lost

JavaScript error: chrome://global/content/process-content.js, line 71: NS_ERROR_UNEXPECTED: Component returned failure code: 0x8000ffff (NS_ERROR_UNEXPECTED) [nsIMessageSender.sendAsyncMessage]

###!!! [Child][MessageChannel] Error: (msgtype=0x440102,name=PContent::Msg_AsyncMessage) Channel closing: too late to send/recv, messages will be lost

JavaScript error: chrome://global/content/process-content.js, line 71: NS_ERROR_UNEXPECTED: Component returned failure code: 0x8000ffff (NS_ERROR_UNEXPECTED) [nsIMessageSender.sendAsyncMessage]

###!!! [Child][MessageChannel] Error: (msgtype=0x440102,name=PContent::Msg_AsyncMessage) Channel closing: too late to send/recv, messages will be lost

JavaScript error: chrome://global/content/process-content.js, line 71: NS_ERROR_UNEXPECTED: Component returned failure code: 0x8000ffff (NS_ERROR_UNEXPECTED) [nsIMessageSender.sendAsyncMessage]

###!!! [Child][MessageChannel] Error: (msgtype=0x440102,name=PContent::Msg_AsyncMessage) Channel closing: too late to send/recv, messages will be lost

JavaScript error: chrome://global/content/process-content.js, line 71: NS_ERROR_UNEXPECTED: Component returned failure code: 0x8000ffff (NS_ERROR_UNEXPECTED) [nsIMessageSender.sendAsyncMessage]

###!!! [Child][MessageChannel] Error: (msgtype=0x440102,name=PContent::Msg_AsyncMessage) Channel closing: too late to send/recv, messages will be lost

JavaScript error: chrome://global/content/process-content.js, line 71: NS_ERROR_UNEXPECTED: Component returned failure code: 0x8000ffff (NS_ERROR_UNEXPECTED) [nsIMessageSender.sendAsyncMessage]

###!!! [Child][MessageChannel] Error: (msgtype=0x440102,name=PContent::Msg_AsyncMessage) Channel closing: too late to send/recv, messages will be lost

JavaScript error: chrome://global/content/process-content.js, line 71: NS_ERROR_UNEXPECTED: Component returned failure code: 0x8000ffff (NS_ERROR_UNEXPECTED) [nsIMessageSender.sendAsyncMessage]

###!!! [Child][MessageChannel] Error: (msgtype=0x440102,name=PContent::Msg_AsyncMessage) Channel closing: too late to send/recv, messages will be lost

JavaScript error: chrome://global/content/process-content.js, line 71: NS_ERROR_UNEXPECTED: Component returned failure code: 0x8000ffff (NS_ERROR_UNEXPECTED) [nsIMessageSender.sendAsyncMessage]

###!!! [Child][MessageChannel] Error: (msgtype=0x440102,name=PContent::Msg_AsyncMessage) Channel closing: too late to send/recv, messages will be lost

JavaScript error: chrome://global/content/process-content.js, line 71: NS_ERROR_UNEXPECTED: Component returned failure code: 0x8000ffff (NS_ERROR_UNEXPECTED) [nsIMessageSender.sendAsyncMessage]

###!!! [Child][MessageChannel] Error: (msgtype=0x440102,name=PContent::Msg_AsyncMessage) Channel closing: too late to send/recv, messages will be lost

JavaScript error: chrome://global/content/process-content.js, line 71: NS_ERROR_UNEXPECTED: Component returned failure code: 0x8000ffff (NS_ERROR_UNEXPECTED) [nsIMessageSender.sendAsyncMessage]

###!!! [Child][MessageChannel] Error: (msgtype=0x440102,name=PContent::Msg_AsyncMessage) Channel closing: too late to send/recv, messages will be lost

JavaScript error: chrome://global/content/process-content.js, line 71: NS_ERROR_UNEXPECTED: Component returned failure code: 0x8000ffff (NS_ERROR_UNEXPECTED) [nsIMessageSender.sendAsyncMessage]

###!!! [Child][MessageChannel] Error: (msgtype=0x440102,name=PContent::Msg_AsyncMessage) Channel closing: too late to send/recv, messages will be lost

JavaScript error: chrome://global/content/process-content.js, line 71: NS_ERROR_UNEXPECTED: Component returned failure code: 0x8000ffff (NS_ERROR_UNEXPECTED) [nsIMessageSender.sendAsyncMessage]

###!!! [Child][MessageChannel] Error: (msgtype=0x440102,name=PContent::Msg_AsyncMessage) Channel closing: too late to send/recv, messages will be lost

JavaScript error: chrome://global/content/process-content.js, line 71: NS_ERROR_UNEXPECTED: Component returned failure code: 0x8000ffff (NS_ERROR_UNEXPECTED) [nsIMessageSender.sendAsyncMessage]

###!!! [Child][MessageChannel] Error: (msgtype=0x440102,name=PContent::Msg_AsyncMessage) Channel closing: too late to send/recv, messages will be lost

JavaScript error: chrome://global/content/process-content.js, line 71: NS_ERROR_UNEXPECTED: Component returned failure code: 0x8000ffff (NS_ERROR_UNEXPECTED) [nsIMessageSender.sendAsyncMessage]

###!!! [Child][MessageChannel] Error: (msgtype=0x440102,name=PContent::Msg_AsyncMessage) Channel closing: too late to send/recv, messages will be lost

JavaScript error: chrome://global/content/process-content.js, line 71: NS_ERROR_UNEXPECTED: Component returned failure code: 0x8000ffff (NS_ERROR_UNEXPECTED) [nsIMessageSender.sendAsyncMessage]

###!!! [Child][MessageChannel] Error: (msgtype=0x440102,name=PContent::Msg_AsyncMessage) Channel closing: too late to send/recv, messages will be lost

JavaScript error: chrome://global/content/process-content.js, line 71: NS_ERROR_UNEXPECTED: Component returned failure code: 0x8000ffff (NS_ERROR_UNEXPECTED) [nsIMessageSender.sendAsyncMessage]

###!!! [Child][MessageChannel] Error: (msgtype=0x440102,name=PContent::Msg_AsyncMessage) Channel closing: too late to send/recv, messages will be lost

JavaScript error: chrome://global/content/process-content.js, line 71: NS_ERROR_UNEXPECTED: Component returned failure code: 0x8000ffff (NS_ERROR_UNEXPECTED) [nsIMessageSender.sendAsyncMessage]

###!!! [Child][MessageChannel] Error: (msgtype=0x440102,name=PContent::Msg_AsyncMessage) Channel closing: too late to send/recv, messages will be lost

JavaScript error: chrome://global/content/process-content.js, line 71: NS_ERROR_UNEXPECTED: Component returned failure code: 0x8000ffff (NS_ERROR_UNEXPECTED) [nsIMessageSender.sendAsyncMessage]

###!!! [Child][MessageChannel] Error: (msgtype=0x440102,name=PContent::Msg_AsyncMessage) Channel closing: too late to send/recv, messages will be lost

JavaScript error: chrome://global/content/process-content.js, line 71: NS_ERROR_UNEXPECTED: Component returned failure code: 0x8000ffff (NS_ERROR_UNEXPECTED) [nsIMessageSender.sendAsyncMessage]

###!!! [Child][MessageChannel] Error: (msgtype=0x440102,name=PContent::Msg_AsyncMessage) Channel closing: too late to send/recv, messages will be lost

JavaScript error: chrome://global/content/process-content.js, line 71: NS_ERROR_UNEXPECTED: Component returned failure code: 0x8000ffff (NS_ERROR_UNEXPECTED) [nsIMessageSender.sendAsyncMessage]

###!!! [Child][MessageChannel] Error: (msgtype=0x440102,name=PContent::Msg_AsyncMessage) Channel closing: too late to send/recv, messages will be lost

JavaScript error: chrome://global/content/process-content.js, line 71: NS_ERROR_UNEXPECTED: Component returned failure code: 0x8000ffff (NS_ERROR_UNEXPECTED) [nsIMessageSender.sendAsyncMessage]

###!!! [Child][MessageChannel] Error: (msgtype=0x440102,name=PContent::Msg_AsyncMessage) Channel closing: too late to send/recv, messages will be lost

JavaScript error: chrome://global/content/process-content.js, line 71: NS_ERROR_UNEXPECTED: Component returned failure code: 0x8000ffff (NS_ERROR_UNEXPECTED) [nsIMessageSender.sendAsyncMessage]

###!!! [Child][MessageChannel] Error: (msgtype=0x440102,name=PContent::Msg_AsyncMessage) Channel closing: too late to send/recv, messages will be lost

JavaScript error: chrome://global/content/process-content.js, line 71: NS_ERROR_UNEXPECTED: Component returned failure code: 0x8000ffff (NS_ERROR_UNEXPECTED) [nsIMessageSender.sendAsyncMessage]

###!!! [Child][MessageChannel] Error: (msgtype=0x440102,name=PContent::Msg_AsyncMessage) Channel closing: too late to send/recv, messages will be lost

JavaScript error: chrome://global/content/process-content.js, line 71: NS_ERROR_UNEXPECTED: Component returned failure code: 0x8000ffff (NS_ERROR_UNEXPECTED) [nsIMessageSender.sendAsyncMessage]

###!!! [Child][MessageChannel] Error: (msgtype=0x440102,name=PContent::Msg_AsyncMessage) Channel closing: too late to send/recv, messages will be lost

JavaScript error: chrome://global/content/process-content.js, line 71: NS_ERROR_UNEXPECTED: Component returned failure code: 0x8000ffff (NS_ERROR_UNEXPECTED) [nsIMessageSender.sendAsyncMessage]

###!!! [Child][MessageChannel] Error: (msgtype=0x440102,name=PContent::Msg_AsyncMessage) Channel closing: too late to send/recv, messages will be lost

JavaScript error: chrome://global/content/process-content.js, line 71: NS_ERROR_UNEXPECTED: Component returned failure code: 0x8000ffff (NS_ERROR_UNEXPECTED) [nsIMessageSender.sendAsyncMessage]

###!!! [Child][MessageChannel] Error: (msgtype=0x440102,name=PContent::Msg_AsyncMessage) Channel closing: too late to send/recv, messages will be lost

JavaScript error: chrome://global/content/process-content.js, line 71: NS_ERROR_UNEXPECTED: Component returned failure code: 0x8000ffff (NS_ERROR_UNEXPECTED) [nsIMessageSender.sendAsyncMessage]

###!!! [Child][MessageChannel] Error: (msgtype=0x440102,name=PContent::Msg_AsyncMessage) Channel closing: too late to send/recv, messages will be lost

JavaScript error: chrome://global/content/process-content.js, line 71: NS_ERROR_UNEXPECTED: Component returned failure code: 0x8000ffff (NS_ERROR_UNEXPECTED) [nsIMessageSender.sendAsyncMessage]

###!!! [Child][MessageChannel] Error: (msgtype=0x2C0048,name=PBrowser::Msg___delete__) Channel closing: too late to send/recv, messages will be lost


###!!! [Child][RunMessage] Error: Channel closing: too late to send/recv, messages will be lost


###!!! [Child][RunMessage] Error: Channel closing: too late to send/recv, messages will be lost


###!!! [Child][RunMessage] Error: Channel closing: too late to send/recv, messages will be lost


###!!! [Child][RunMessage] Error: Channel closing: too late to send/recv, messages will be lost


###!!! [Child][MessageChannel] Error: (msgtype=0x4400AB,name=PContent::Msg_ConsoleMessage) Channel closing: too late to send/recv, messages will be lost

1500007385286	Marionette	INFO	Ceased listening
1500007392258	Marionette	DEBUG	Received DOM event "pagehide" for "about:blank"
1500007392258	Marionette	DEBUG	Received DOM event "unload" for "about:blank"
JavaScript error: https://www.expedia.com/, line 12269: ReferenceError: dctk is not defined
JavaScript error: https://a.travel-assets.com/bundles/storefront-web/secondaryContent-bundle/memberOnlyDeals-1-en_US-71280f631ec962ec4477996f18932893-min.js, line 1: ReferenceError: Handlebars is not defined
1500007392967	Marionette	DEBUG	Received DOM event "DOMContentLoaded" for "https://www.expedia.com/"
1500007394395	Marionette	DEBUG	Received DOM event "pageshow" for "https://www.expedia.com/"
JavaScript error: https://a.travel-assets.com/bundles/mercury-web/mercury/script-79fb6fdc656af375458feae7a1235897-min.js, line 5: TypeError: d.storedData is null
1500007394926	Marionette	DEBUG	Canceled page load listener because no navigation has been detected
JavaScript error: https://a.travel-assets.com/bundles/storefront-web/homepage-bundle/homepage-mercury-script-1-en_US-8664cfe3ae2f624b361424fff8472b75-min.js, line 8: TypeError: q.dctk.evaluateExperiment is not a function
JavaScript error: https://a.travel-assets.com/bundles/storefront-web/homepage-bundle/homepage-mercury-script-1-en_US-8664cfe3ae2f624b361424fff8472b75-min.js, line 8: TypeError: q.dctk.evaluateExperiment is not a function
1500007462086	geckodriver	INFO	Listening on 127.0.0.1:55954
1500007463204	geckodriver::marionette	INFO	Starting browser /Applications/Firefox.app/Contents/MacOS/firefox-bin with args ["-marionette"]
1500007466370	Marionette	INFO	Listening on port 55963
1500007466503	Marionette	WARN	TLS certificate errors will be ignored for this session
1500007466768	Marionette	DEBUG	loaded listener.js
1500007466812	Marionette	DEBUG	Received DOM event "beforeunload" for "about:blank"
2017-07-13 23:44:26.900 plugin-container[75121:2274922] *** CFMessagePort: bootstrap_register(): failed 1100 (0x44c) 'Permission denied', port = 0x943b, name = 'com.apple.tsm.portname'
See /usr/include/servers/bootstrap_defs.h for the error codes.
2017-07-13 23:44:26.902 plugin-container[75121:2274922] *** CFMessagePort: bootstrap_register(): failed 1100 (0x44c) 'Permission denied', port = 0x9703, name = 'com.apple.CFPasteboardClient'
See /usr/include/servers/bootstrap_defs.h for the error codes.
1500007469056	Marionette	INFO	Ceased listening
1500007478836	Marionette	DEBUG	Received DOM event "pagehide" for "about:blank"
1500007478836	Marionette	DEBUG	Received DOM event "unload" for "about:blank"
JavaScript error: https://www.expedia.com/, line 12280: ReferenceError: dctk is not defined
1500007479609	Marionette	DEBUG	Received DOM event "DOMContentLoaded" for "https://www.expedia.com/"
1500007481138	Marionette	DEBUG	Received DOM event "pageshow" for "https://www.expedia.com/"
JavaScript error: https://a.travel-assets.com/bundles/mercury-web/mercury/script-79fb6fdc656af375458feae7a1235897-min.js, line 5: TypeError: d.storedData is null
1500007481720	Marionette	DEBUG	Canceled page load listener because no navigation has been detected
1500007482201	Marionette	DEBUG	Received DOM event "pagehide" for "https://www.expedia.com/"
1500007482203	Marionette	DEBUG	Received DOM event "pagehide" for "https://www.expedia.com/"
1500007482204	Marionette	DEBUG	Received DOM event "pagehide" for "https://www.expedia.com/"
1500007482205	Marionette	DEBUG	Received DOM event "pagehide" for "https://www.expedia.com/"
1500007482206	Marionette	DEBUG	Received DOM event "pagehide" for "https://www.expedia.com/"
1500007482211	Marionette	DEBUG	Received DOM event "pagehide" for "https://www.expedia.com/"
1500007482213	Marionette	DEBUG	Received DOM event "pagehide" for "https://www.expedia.com/"
1500007482346	Marionette	DEBUG	Canceled page load listener because no navigation has been detected
1500007482966	Marionette	DEBUG	Received DOM event "pagehide" for "about:srcdoc"
1500007482990	Marionette	DEBUG	Received DOM event "pagehide" for "about:srcdoc"
1500007483005	Marionette	DEBUG	Received DOM event "pagehide" for "about:srcdoc"
1500007483125	Marionette	DEBUG	Received observer notification "outer-window-destroyed" for "2147483655"
1500007483137	Marionette	DEBUG	Received DOM event "pagehide" for "https://www.expedia.com/"
1500007483141	Marionette	DEBUG	Received observer notification "outer-window-destroyed" for "2147483657"
1500007483147	Marionette	DEBUG	Received observer notification "outer-window-destroyed" for "2147483659"
1500007483149	Marionette	DEBUG	Received DOM event "pagehide" for "https://www.expedia.com/"
1500007483160	Marionette	DEBUG	Received DOM event "pagehide" for "https://www.expedia.com/"
1500007483175	Marionette	DEBUG	Canceled page load listener because no navigation has been detected
JavaScript error: https://a.travel-assets.com/datacapture/2/js/dctk.js, line 22: Error: 4301 (The given (TPID, EAPID) pair '(1, 0)' is not valid for the Experiment '13,856')
1500007486242	Marionette	INFO	New connections will no longer be accepted
1500009015044	geckodriver	INFO	Listening on 127.0.0.1:57707
1500009016248	geckodriver::marionette	INFO	Starting browser /Applications/Firefox.app/Contents/MacOS/firefox-bin with args ["-marionette"]
1500009019349	Marionette	INFO	Listening on port 57717
1500009019437	Marionette	WARN	TLS certificate errors will be ignored for this session
1500009019830	Marionette	DEBUG	loaded listener.js
1500009019884	Marionette	DEBUG	Received DOM event "beforeunload" for "about:blank"
2017-07-14 00:10:19.989 plugin-container[75278:2282553] *** CFMessagePort: bootstrap_register(): failed 1100 (0x44c) 'Permission denied', port = 0x9537, name = 'com.apple.tsm.portname'
See /usr/include/servers/bootstrap_defs.h for the error codes.
2017-07-14 00:10:19.993 plugin-container[75278:2282553] *** CFMessagePort: bootstrap_register(): failed 1100 (0x44c) 'Permission denied', port = 0x9803, name = 'com.apple.CFPasteboardClient'
See /usr/include/servers/bootstrap_defs.h for the error codes.
1500009020353	Marionette	DEBUG	Received DOM event "pagehide" for "about:blank"
1500009020354	Marionette	DEBUG	Received DOM event "unload" for "about:blank"
1500009021845	Marionette	DEBUG	Received DOM event "DOMContentLoaded" for "https://www.southwest.com/"
1500009022168	Marionette	DEBUG	Received observer notification "outer-window-destroyed" for "2147483653"
1500009022454	Marionette	DEBUG	Received DOM event "DOMContentLoaded" for "https://swa.demdex.net/dest5.html?d_nsid=0#https%3A%2F%2Fwww.southwest.com%2F"
1500009022461	Marionette	DEBUG	Received DOM event "pageshow" for "https://swa.demdex.net/dest5.html?d_nsid=0#https%3A%2F%2Fwww.southwest.com%2F"
1500009022649	Marionette	DEBUG	Received DOM event "DOMContentLoaded" for "https://southwestairlines.mpeasylink.com/mpel/mpel_storage.html?cmd=storePref&href=https%3A%2F%2Fwww.southwest.com%2F&siteurl=www.southwest.com&lang=en&country=&region=&sitelist=www.southwest.com,southwest.com,www.swabiz.com,swabiz.com,travel.southwest.com;espanol.southwest.com,espanol.swabiz.com,espanoltravel.southwest.com&currency=&nonMP=false"
1500009022666	Marionette	DEBUG	Received DOM event "pageshow" for "https://southwestairlines.mpeasylink.com/mpel/mpel_storage.html?cmd=storePref&href=https%3A%2F%2Fwww.southwest.com%2F&siteurl=www.southwest.com&lang=en&country=&region=&sitelist=www.southwest.com,southwest.com,www.swabiz.com,swabiz.com,travel.southwest.com;espanol.southwest.com,espanol.swabiz.com,espanoltravel.southwest.com&currency=&nonMP=false"
1500009024079	Marionette	DEBUG	Received DOM event "DOMContentLoaded" for "https://www.booking.com/affiliatewidget.html?aid=1146301&product=sb&variant=sb1&target_aid=961823&usp_ico=dark_blue&aff_hostname=https%3A%2F%2Fwww.southwesthotels.com&label=SWA-SB-HP-LOAD&label_click=SWA-SB-HP-CLICK&swa=1&INT=SWA-HOMEPG-HTL-WIDGET;checkin=2017-07-15;iata_orr=1;selected_currency=USD;fid=1500009022473;checkout=2017-07-18;lang=en-us"
1500009024096	Marionette	DEBUG	Received DOM event "pageshow" for "https://www.booking.com/affiliatewidget.html?aid=1146301&product=sb&variant=sb1&target_aid=961823&usp_ico=dark_blue&aff_hostname=https%3A%2F%2Fwww.southwesthotels.com&label=SWA-SB-HP-LOAD&label_click=SWA-SB-HP-CLICK&swa=1&INT=SWA-HOMEPG-HTL-WIDGET;checkin=2017-07-15;iata_orr=1;selected_currency=USD;fid=1500009022473;checkout=2017-07-18;lang=en-us"
1500009024138	Marionette	DEBUG	Received DOM event "pageshow" for "https://www.southwest.com/"
1500009027696	Marionette	DEBUG	Canceled page load listener because no navigation has been detected
1500009030709	Marionette	INFO	New connections will no longer be accepted
1500009138884	geckodriver	INFO	Listening on 127.0.0.1:57952
1500009140047	geckodriver::marionette	INFO	Starting browser /Applications/Firefox.app/Contents/MacOS/firefox-bin with args ["-marionette"]
1500009143142	Marionette	INFO	Listening on port 57962
1500009143260	Marionette	WARN	TLS certificate errors will be ignored for this session
1500009143526	Marionette	DEBUG	loaded listener.js
1500009143571	Marionette	DEBUG	Received DOM event "beforeunload" for "about:blank"
2017-07-14 00:12:23.689 plugin-container[75348:2285134] *** CFMessagePort: bootstrap_register(): failed 1100 (0x44c) 'Permission denied', port = 0x953b, name = 'com.apple.tsm.portname'
See /usr/include/servers/bootstrap_defs.h for the error codes.
2017-07-14 00:12:23.691 plugin-container[75348:2285134] *** CFMessagePort: bootstrap_register(): failed 1100 (0x44c) 'Permission denied', port = 0x9803, name = 'com.apple.CFPasteboardClient'
See /usr/include/servers/bootstrap_defs.h for the error codes.
1500009144088	Marionette	DEBUG	Received DOM event "pagehide" for "about:blank"
1500009144089	Marionette	DEBUG	Received DOM event "unload" for "about:blank"
1500009145794	Marionette	DEBUG	Received DOM event "DOMContentLoaded" for "https://www.southwest.com/"
1500009146115	Marionette	DEBUG	Received observer notification "outer-window-destroyed" for "2147483653"
1500009146596	Marionette	DEBUG	Received DOM event "DOMContentLoaded" for "https://southwestairlines.mpeasylink.com/mpel/mpel_storage.html?cmd=storePref&href=https%3A%2F%2Fwww.southwest.com%2F&siteurl=www.southwest.com&lang=en&country=&region=&sitelist=www.southwest.com,southwest.com,www.swabiz.com,swabiz.com,travel.southwest.com;espanol.southwest.com,espanol.swabiz.com,espanoltravel.southwest.com&currency=&nonMP=false"
1500009146600	Marionette	DEBUG	Received DOM event "pageshow" for "https://southwestairlines.mpeasylink.com/mpel/mpel_storage.html?cmd=storePref&href=https%3A%2F%2Fwww.southwest.com%2F&siteurl=www.southwest.com&lang=en&country=&region=&sitelist=www.southwest.com,southwest.com,www.swabiz.com,swabiz.com,travel.southwest.com;espanol.southwest.com,espanol.swabiz.com,espanoltravel.southwest.com&currency=&nonMP=false"
1500009146616	Marionette	DEBUG	Received DOM event "DOMContentLoaded" for "https://swa.demdex.net/dest5.html?d_nsid=0#https%3A%2F%2Fwww.southwest.com%2F"
1500009146637	Marionette	DEBUG	Received DOM event "pageshow" for "https://swa.demdex.net/dest5.html?d_nsid=0#https%3A%2F%2Fwww.southwest.com%2F"
1500009148579	Marionette	DEBUG	Received DOM event "DOMContentLoaded" for "https://www.booking.com/affiliatewidget.html?aid=1146301&product=sb&variant=sb1&target_aid=961823&usp_ico=dark_blue&aff_hostname=https%3A%2F%2Fwww.southwesthotels.com&label=SWA-SB-HP-LOAD&label_click=SWA-SB-HP-CLICK&swa=1&INT=SWA-HOMEPG-HTL-WIDGET;checkout=2017-07-18;fid=1500009146729;iata_orr=1;checkin=2017-07-15;selected_currency=USD;lang=en-us"
1500009148588	Marionette	DEBUG	Received DOM event "pageshow" for "https://www.booking.com/affiliatewidget.html?aid=1146301&product=sb&variant=sb1&target_aid=961823&usp_ico=dark_blue&aff_hostname=https%3A%2F%2Fwww.southwesthotels.com&label=SWA-SB-HP-LOAD&label_click=SWA-SB-HP-CLICK&swa=1&INT=SWA-HOMEPG-HTL-WIDGET;checkout=2017-07-18;fid=1500009146729;iata_orr=1;checkin=2017-07-15;selected_currency=USD;lang=en-us"
1500009148606	Marionette	DEBUG	Received DOM event "pageshow" for "https://www.southwest.com/"
1500009152060	Marionette	DEBUG	Canceled page load listener because no navigation has been detected
1500009155349	Marionette	INFO	New connections will no longer be accepted
1500009767013	geckodriver	INFO	Listening on 127.0.0.1:58691
1500009768178	geckodriver::marionette	INFO	Starting browser /Applications/Firefox.app/Contents/MacOS/firefox-bin with args ["-marionette"]
1500009772189	Marionette	INFO	Listening on port 58701
1500009772316	Marionette	WARN	TLS certificate errors will be ignored for this session
1500009772722	Marionette	DEBUG	loaded listener.js
1500009772807	Marionette	DEBUG	Received DOM event "beforeunload" for "about:blank"
2017-07-14 00:22:52.898 plugin-container[75498:2289314] *** CFMessagePort: bootstrap_register(): failed 1100 (0x44c) 'Permission denied', port = 0x963b, name = 'com.apple.tsm.portname'
See /usr/include/servers/bootstrap_defs.h for the error codes.
2017-07-14 00:22:52.899 plugin-container[75498:2289314] *** CFMessagePort: bootstrap_register(): failed 1100 (0x44c) 'Permission denied', port = 0x9903, name = 'com.apple.CFPasteboardClient'
See /usr/include/servers/bootstrap_defs.h for the error codes.
1500009773036	Marionette	DEBUG	Received DOM event "pagehide" for "about:blank"
1500009773036	Marionette	DEBUG	Received DOM event "unload" for "about:blank"
1500009773308	Marionette	DEBUG	Received DOM event "DOMContentLoaded" for "http://www.letskodeit.teachable.com/"
1500009773621	Marionette	DEBUG	Received DOM event "pageshow" for "http://www.letskodeit.teachable.com/"
1500009811927	geckodriver	INFO	Listening on 127.0.0.1:58874
1500009812999	geckodriver::marionette	INFO	Starting browser /Applications/Firefox.app/Contents/MacOS/firefox-bin with args ["-marionette"]
1500009815647	Marionette	INFO	Ceased listening
1500009816448	Marionette	INFO	Listening on port 58883
1500009816520	Marionette	WARN	TLS certificate errors will be ignored for this session
1500009816868	Marionette	DEBUG	loaded listener.js
1500009816909	Marionette	DEBUG	Received DOM event "beforeunload" for "about:blank"
2017-07-14 00:23:36.986 plugin-container[75509:2289960] *** CFMessagePort: bootstrap_register(): failed 1100 (0x44c) 'Permission denied', port = 0x963b, name = 'com.apple.tsm.portname'
See /usr/include/servers/bootstrap_defs.h for the error codes.
2017-07-14 00:23:36.987 plugin-container[75509:2289960] *** CFMessagePort: bootstrap_register(): failed 1100 (0x44c) 'Permission denied', port = 0x9a03, name = 'com.apple.CFPasteboardClient'
See /usr/include/servers/bootstrap_defs.h for the error codes.
1500009817368	Marionette	DEBUG	Received DOM event "pagehide" for "about:blank"
1500009817368	Marionette	DEBUG	Received DOM event "unload" for "about:blank"
1500009818405	Marionette	DEBUG	Received DOM event "DOMContentLoaded" for "https://letskodeit.teachable.com/"
1500009818830	Marionette	DEBUG	Received DOM event "DOMContentLoaded" for "https://dialog.filestackapi.com/dialog/comm_iframe/"
1500009818833	Marionette	DEBUG	Received DOM event "pageshow" for "https://dialog.filestackapi.com/dialog/comm_iframe/"
1500009818834	Marionette	DEBUG	Received DOM event "DOMContentLoaded" for "https://www.filestackapi.com/dialog/comm_iframe/"
1500009818839	Marionette	DEBUG	Received DOM event "pageshow" for "https://www.filestackapi.com/dialog/comm_iframe/"
1500009819258	Marionette	DEBUG	Received DOM event "pageshow" for "https://letskodeit.teachable.com/"
1500009819628	Marionette	DEBUG	Received DOM event "beforeunload" for "https://letskodeit.teachable.com/"
1500009819924	Marionette	DEBUG	Received DOM event "pagehide" for "https://letskodeit.teachable.com/"
1500009819926	Marionette	DEBUG	Received DOM event "unload" for "https://letskodeit.teachable.com/"
1500009820489	Marionette	DEBUG	Received DOM event "DOMContentLoaded" for "https://sso.teachable.com/secure/42299/users/sign_in?clean_login=true&reset_purchase_session=1"
1500009820640	Marionette	DEBUG	Received observer notification "outer-window-destroyed" for "2147483659"
1500009820642	Marionette	DEBUG	Received observer notification "outer-window-destroyed" for "2147483657"
1500009820644	Marionette	DEBUG	Received observer notification "outer-window-destroyed" for "2147483653"
1500009820646	Marionette	DEBUG	Received observer notification "outer-window-destroyed" for "2147483654"
1500009820801	Marionette	DEBUG	Received DOM event "DOMContentLoaded" for "https://dialog.filestackapi.com/dialog/comm_iframe/"
1500009820804	Marionette	DEBUG	Received DOM event "pageshow" for "https://dialog.filestackapi.com/dialog/comm_iframe/"
1500009820806	Marionette	DEBUG	Received DOM event "DOMContentLoaded" for "https://www.filestackapi.com/dialog/comm_iframe/"
1500009820807	Marionette	DEBUG	Received DOM event "pageshow" for "https://www.filestackapi.com/dialog/comm_iframe/"
1500009821483	Marionette	DEBUG	Received DOM event "pageshow" for "https://sso.teachable.com/secure/42299/users/sign_in?clean_login=true&reset_purchase_session=1"
1500009821821	Marionette	DEBUG	Received DOM event "beforeunload" for "https://sso.teachable.com/secure/42299/users/sign_in?clean_login=true&reset_purchase_session=1"
1500009822539	Marionette	DEBUG	Received DOM event "pagehide" for "https://sso.teachable.com/secure/42299/users/sign_in?clean_login=true&reset_purchase_session=1"
1500009822539	Marionette	DEBUG	Received DOM event "unload" for "https://sso.teachable.com/secure/42299/users/sign_in?clean_login=true&reset_purchase_session=1"
1500009823108	Marionette	DEBUG	Received DOM event "DOMContentLoaded" for "https://sso.teachable.com/secure/42299/users/sign_in?flow_school_id=42299"
1500009823342	Marionette	DEBUG	Received observer notification "outer-window-destroyed" for "2147483670"
1500009823345	Marionette	DEBUG	Received observer notification "outer-window-destroyed" for "2147483668"
1500009823347	Marionette	DEBUG	Received observer notification "outer-window-destroyed" for "2147483664"
1500009823349	Marionette	DEBUG	Received observer notification "outer-window-destroyed" for "2147483665"
1500009823432	Marionette	DEBUG	Received DOM event "DOMContentLoaded" for "https://dialog.filestackapi.com/dialog/comm_iframe/"
1500009823434	Marionette	DEBUG	Received DOM event "pageshow" for "https://dialog.filestackapi.com/dialog/comm_iframe/"
1500009823435	Marionette	DEBUG	Received DOM event "DOMContentLoaded" for "https://www.filestackapi.com/dialog/comm_iframe/"
1500009823436	Marionette	DEBUG	Received DOM event "pageshow" for "https://www.filestackapi.com/dialog/comm_iframe/"
1500009823466	Marionette	DEBUG	Received DOM event "pageshow" for "https://sso.teachable.com/secure/42299/users/sign_in?flow_school_id=42299"
