1498106123316	geckodriver	INFO	Listening on 127.0.0.1:64291
1498106124461	geckodriver::marionette	INFO	Starting browser /Applications/Firefox.app/Contents/MacOS/firefox-bin with args ["-marionette"]
1498106128138	Marionette	INFO	Listening on port 64300
1498106128253	Marionette	WARN	TLS certificate errors will be ignored for this session
1498106128550	Marionette	DEBUG	loaded listener.js
1498106128593	Marionette	DEBUG	Received DOM event "beforeunload" for "about:blank"
2017-06-21 23:35:28.711 plugin-container[2648:5500814] *** CFMessagePort: bootstrap_register(): failed 1100 (0x44c) 'Permission denied', port = 0x9637, name = 'com.apple.tsm.portname'
See /usr/include/servers/bootstrap_defs.h for the error codes.
2017-06-21 23:35:28.715 plugin-container[2648:5500814] *** CFMessagePort: bootstrap_register(): failed 1100 (0x44c) 'Permission denied', port = 0x9903, name = 'com.apple.CFPasteboardClient'
See /usr/include/servers/bootstrap_defs.h for the error codes.
1498106129076	Marionette	DEBUG	Received DOM event "pagehide" for "about:blank"
1498106129076	Marionette	DEBUG	Received DOM event "unload" for "about:blank"
1498106129895	Marionette	DEBUG	Received DOM event "DOMContentLoaded" for "http://www.letskodeit.com/"
1498106133107	Marionette	DEBUG	Received DOM event "pageshow" for "http://www.letskodeit.com/"
1498106133110	Marionette	DEBUG	Received DOM event "pageshow" for "http://www.letskodeit.com/"
1498106133113	Marionette	DEBUG	Received DOM event "pageshow" for "http://www.letskodeit.com/"
1498106134270	Marionette	DEBUG	Received DOM event "DOMContentLoaded" for "https://player.vimeo.com/video/43893348?autoplay=true&loop=true&byline=false&portrait=false&title=false"
1498106134468	Marionette	DEBUG	Received DOM event "DOMContentLoaded" for "https://wix-instantsearchplus-ssl.akamaized.net/wix_widget/wix_instantsearchplus_widget-V3.html?cacheKiller=1498106132670&compId=comp-iiqf5u6e&deviceType=desktop&height=35&instance=vLHRtZcQRKGXkNzKMBPbeYTGaEG1f0X4DcFRaQamVB4.eyJpbnN0YW5jZUlkIjoiZDMzNWZjMGYtZjU3NC00NjhjLWEwZWUtOTFjYTEzMTljYWE2Iiwic2lnbkRhdGUiOiIyMDE3LTA2LTIyVDA0OjM1OjI5LjQyNloiLCJ1aWQiOm51bGwsImlwQW5kUG9ydCI6IjcyLjIxMS4xMTAuMTQ5LzM5NTQwIiwidmVuZG9yUHJvZHVjdElkIjpudWxsLCJkZW1vTW9kZSI6ZmFsc2UsImFpZCI6IjE3MmQ5OTc1LWEyNjItNDFkZC05NjJmLWU4MGZmYzE0ZDU3ZiIsInNpdGVPd25lcklkIjoiZmVhYjQyNjUtMDJhOS00YWY0LTk3NWQtNTFmZThmNTM5NjdjIn0&locale=en&pageId=mainPage&v=2.0.1&viewMode=site&vsi=87e7ab2b-832d-4d05-863e-406c80ad41b6&width=200"
1498106134474	Marionette	DEBUG	Received DOM event "pageshow" for "https://wix-instantsearchplus-ssl.akamaized.net/wix_widget/wix_instantsearchplus_widget-V3.html?cacheKiller=1498106132670&compId=comp-iiqf5u6e&deviceType=desktop&height=35&instance=vLHRtZcQRKGXkNzKMBPbeYTGaEG1f0X4DcFRaQamVB4.eyJpbnN0YW5jZUlkIjoiZDMzNWZjMGYtZjU3NC00NjhjLWEwZWUtOTFjYTEzMTljYWE2Iiwic2lnbkRhdGUiOiIyMDE3LTA2LTIyVDA0OjM1OjI5LjQyNloiLCJ1aWQiOm51bGwsImlwQW5kUG9ydCI6IjcyLjIxMS4xMTAuMTQ5LzM5NTQwIiwidmVuZG9yUHJvZHVjdElkIjpudWxsLCJkZW1vTW9kZSI6ZmFsc2UsImFpZCI6IjE3MmQ5OTc1LWEyNjItNDFkZC05NjJmLWU4MGZmYzE0ZDU3ZiIsInNpdGVPd25lcklkIjoiZmVhYjQyNjUtMDJhOS00YWY0LTk3NWQtNTFmZThmNTM5NjdjIn0&locale=en&pageId=mainPage&v=2.0.1&viewMode=site&vsi=87e7ab2b-832d-4d05-863e-406c80ad41b6&width=200"
JavaScript warning: http://static.parastorage.com/services/third-party/jquery/2.0.3/jquery.min.js, line 1: Using //@ to indicate sourceMappingURL pragmas is deprecated. Use //# instead
1498106135506	Marionette	DEBUG	Received DOM event "DOMContentLoaded" for "http://apps.wix.com/shoutout-get-subscriber-server-webapp/statics/index?cacheKiller=1498106132670&compId=ia7djgpn&deviceType=desktop&height=246&instance=HS0aezdpvFp8MmyvPDJmD_bSlTm9OH8NWyVP8p9Z8jQ.eyJpbnN0YW5jZUlkIjoiMTNkOTE0ODYtY2M5YS05YzRiLTNhNmYtM2EwYWE0NzgzNjU1Iiwic2lnbkRhdGUiOiIyMDE3LTA2LTIyVDA0OjM1OjI5LjQyMloiLCJ1aWQiOm51bGwsImlwQW5kUG9ydCI6IjcyLjIxMS4xMTAuMTQ5LzM5NTQwIiwidmVuZG9yUHJvZHVjdElkIjpudWxsLCJkZW1vTW9kZSI6ZmFsc2UsImFpZCI6IjE3MmQ5OTc1LWEyNjItNDFkZC05NjJmLWU4MGZmYzE0ZDU3ZiIsImJpVG9rZW4iOiI3MWM0NmNmZC0xMWI2LWRlY2QtOGU1YS1iZjQ2YTk4OWRiNzMiLCJzaXRlT3duZXJJZCI6ImZlYWI0MjY1LTAyYTktNGFmNC05NzVkLTUxZmU4ZjUzOTY3YyJ9&locale=en&pageId=mainPage&viewMode=site&vsi=87e7ab2b-832d-4d05-863e-406c80ad41b6&width=350"
1498106136071	Marionette	DEBUG	Received DOM event "pageshow" for "http://apps.wix.com/shoutout-get-subscriber-server-webapp/statics/index?cacheKiller=1498106132670&compId=ia7djgpn&deviceType=desktop&height=246&instance=HS0aezdpvFp8MmyvPDJmD_bSlTm9OH8NWyVP8p9Z8jQ.eyJpbnN0YW5jZUlkIjoiMTNkOTE0ODYtY2M5YS05YzRiLTNhNmYtM2EwYWE0NzgzNjU1Iiwic2lnbkRhdGUiOiIyMDE3LTA2LTIyVDA0OjM1OjI5LjQyMloiLCJ1aWQiOm51bGwsImlwQW5kUG9ydCI6IjcyLjIxMS4xMTAuMTQ5LzM5NTQwIiwidmVuZG9yUHJvZHVjdElkIjpudWxsLCJkZW1vTW9kZSI6ZmFsc2UsImFpZCI6IjE3MmQ5OTc1LWEyNjItNDFkZC05NjJmLWU4MGZmYzE0ZDU3ZiIsImJpVG9rZW4iOiI3MWM0NmNmZC0xMWI2LWRlY2QtOGU1YS1iZjQ2YTk4OWRiNzMiLCJzaXRlT3duZXJJZCI6ImZlYWI0MjY1LTAyYTktNGFmNC05NzVkLTUxZmU4ZjUzOTY3YyJ9&locale=en&pageId=mainPage&viewMode=site&vsi=87e7ab2b-832d-4d05-863e-406c80ad41b6&width=350"
1498106136938	Marionette	DEBUG	Received DOM event "pageshow" for "https://player.vimeo.com/video/43893348?autoplay=true&loop=true&byline=false&portrait=false&title=false"
1498106136946	Marionette	DEBUG	Received DOM event "pageshow" for "http://www.letskodeit.com/"
1498106144383	Marionette	INFO	Ceased listening
1498106264334	geckodriver	INFO	Listening on 127.0.0.1:64483
1498106264424	geckodriver::marionette	INFO	Starting browser /Applications/Firefox.app/Contents/MacOS/firefox-bin with args ["-marionette"]
1498106268330	Marionette	INFO	Listening on port 64490
1498106268446	Marionette	WARN	TLS certificate errors will be ignored for this session
1498106268943	Marionette	DEBUG	loaded listener.js
1498106269110	Marionette	DEBUG	Received DOM event "beforeunload" for "about:blank"
2017-06-21 23:37:49.187 plugin-container[2694:5502233] *** CFMessagePort: bootstrap_register(): failed 1100 (0x44c) 'Permission denied', port = 0x943f, name = 'com.apple.tsm.portname'
See /usr/include/servers/bootstrap_defs.h for the error codes.
2017-06-21 23:37:49.193 plugin-container[2694:5502233] *** CFMessagePort: bootstrap_register(): failed 1100 (0x44c) 'Permission denied', port = 0x9707, name = 'com.apple.CFPasteboardClient'
See /usr/include/servers/bootstrap_defs.h for the error codes.
1498106269328	Marionette	DEBUG	Received DOM event "pagehide" for "about:blank"
1498106269328	Marionette	DEBUG	Received DOM event "unload" for "about:blank"
1498106270348	Marionette	DEBUG	Received DOM event "DOMContentLoaded" for "http://www.letskodeit.com/"
1498106270495	Marionette	DEBUG	Received observer notification "outer-window-destroyed" for "2147483649"
JavaScript error: https://static.parastorage.com/services/third-party/requirejs/2.1.15/require.min.js, line 32: NS_ERROR_NOT_INITIALIZED: 
