1498106505213	geckodriver	INFO	Listening on 127.0.0.1:64771
1498106506341	geckodriver::marionette	INFO	Starting browser /Applications/Firefox.app/Contents/MacOS/firefox-bin with args ["-marionette"]
1498106509963	Marionette	INFO	Listening on port 64780
1498106510082	Marionette	WARN	TLS certificate errors will be ignored for this session
1498106510441	Marionette	DEBUG	loaded listener.js
1498106510489	Marionette	DEBUG	Received DOM event "beforeunload" for "about:blank"
2017-06-21 23:41:50.579 plugin-container[2801:5505931] *** CFMessagePort: bootstrap_register(): failed 1100 (0x44c) 'Permission denied', port = 0x9533, name = 'com.apple.tsm.portname'
See /usr/include/servers/bootstrap_defs.h for the error codes.
2017-06-21 23:41:50.583 plugin-container[2801:5505931] *** CFMessagePort: bootstrap_register(): failed 1100 (0x44c) 'Permission denied', port = 0x9803, name = 'com.apple.CFPasteboardClient'
See /usr/include/servers/bootstrap_defs.h for the error codes.
1498106511761	Marionette	DEBUG	Received DOM event "pagehide" for "about:blank"
1498106511761	Marionette	DEBUG	Received DOM event "unload" for "about:blank"
1498106514215	Marionette	DEBUG	Received DOM event "DOMContentLoaded" for "https://letskodeit.teachable.com/p/practice"
1498106514742	Marionette	DEBUG	Received DOM event "DOMContentLoaded" for "https://www.filestackapi.com/dialog/comm_iframe/"
1498106514757	Marionette	DEBUG	Received DOM event "pageshow" for "https://www.filestackapi.com/dialog/comm_iframe/"
1498106514799	Marionette	DEBUG	Received DOM event "DOMContentLoaded" for "https://dialog.filestackapi.com/dialog/comm_iframe/"
1498106514802	Marionette	DEBUG	Received DOM event "pageshow" for "https://dialog.filestackapi.com/dialog/comm_iframe/"
1498106515389	Marionette	DEBUG	Received DOM event "DOMContentLoaded" for "https://letskodeit.teachable.com/courses"
1498106515860	Marionette	DEBUG	Received DOM event "DOMContentLoaded" for "https://www.filestackapi.com/dialog/comm_iframe/"
1498106515865	Marionette	DEBUG	Received DOM event "pageshow" for "https://www.filestackapi.com/dialog/comm_iframe/"
1498106515868	Marionette	DEBUG	Received DOM event "DOMContentLoaded" for "https://dialog.filestackapi.com/dialog/comm_iframe/"
1498106515870	Marionette	DEBUG	Received DOM event "pageshow" for "https://dialog.filestackapi.com/dialog/comm_iframe/"
1498106515919	Marionette	DEBUG	Received DOM event "pageshow" for "https://letskodeit.teachable.com/courses"
1498106515944	Marionette	DEBUG	Received DOM event "pageshow" for "https://letskodeit.teachable.com/p/practice"
1498107501032	Marionette	INFO	Ceased listening
1498248079351	geckodriver	INFO	Listening on 127.0.0.1:54921
1498248081028	geckodriver	INFO	Listening on 127.0.0.1:54932
1498248081184	geckodriver::marionette	INFO	Starting browser /Applications/Firefox.app/Contents/MacOS/firefox-bin with args ["-marionette"]
1498248087838	Marionette	INFO	Listening on port 54939
1498248088119	Marionette	WARN	TLS certificate errors will be ignored for this session
1498248088791	Marionette	DEBUG	loaded listener.js
1498248088901	Marionette	DEBUG	Received DOM event "beforeunload" for "about:blank"
2017-06-23 15:01:29.188 plugin-container[12764:5989904] *** CFMessagePort: bootstrap_register(): failed 1100 (0x44c) 'Permission denied', port = 0x943f, name = 'com.apple.tsm.portname'
See /usr/include/servers/bootstrap_defs.h for the error codes.
2017-06-23 15:01:29.195 plugin-container[12764:5989904] *** CFMessagePort: bootstrap_register(): failed 1100 (0x44c) 'Permission denied', port = 0x9803, name = 'com.apple.CFPasteboardClient'
See /usr/include/servers/bootstrap_defs.h for the error codes.
1498248089915	Marionette	DEBUG	Received DOM event "pagehide" for "about:blank"
1498248089916	Marionette	DEBUG	Received DOM event "unload" for "about:blank"
1498248091313	Marionette	DEBUG	Received DOM event "DOMContentLoaded" for "https://letskodeit.teachable.com/p/practice"
1498248092181	Marionette	DEBUG	Received DOM event "DOMContentLoaded" for "https://dialog.filestackapi.com/dialog/comm_iframe/"
1498248092192	Marionette	DEBUG	Received DOM event "pageshow" for "https://dialog.filestackapi.com/dialog/comm_iframe/"
1498248092201	Marionette	DEBUG	Received DOM event "DOMContentLoaded" for "https://www.filestackapi.com/dialog/comm_iframe/"
1498248092210	Marionette	DEBUG	Received DOM event "pageshow" for "https://www.filestackapi.com/dialog/comm_iframe/"
1498248093397	Marionette	DEBUG	Received DOM event "DOMContentLoaded" for "https://letskodeit.teachable.com/courses"
1498248094262	Marionette	DEBUG	Received DOM event "DOMContentLoaded" for "https://dialog.filestackapi.com/dialog/comm_iframe/"
1498248094268	Marionette	DEBUG	Received DOM event "pageshow" for "https://dialog.filestackapi.com/dialog/comm_iframe/"
1498248094270	Marionette	DEBUG	Received DOM event "DOMContentLoaded" for "https://www.filestackapi.com/dialog/comm_iframe/"
1498248094273	Marionette	DEBUG	Received DOM event "pageshow" for "https://www.filestackapi.com/dialog/comm_iframe/"
1498248094371	Marionette	DEBUG	Received DOM event "pageshow" for "https://letskodeit.teachable.com/courses"
1498248094426	Marionette	DEBUG	Received DOM event "pageshow" for "https://letskodeit.teachable.com/p/practice"
*************************
A coding exception was thrown and uncaught in a Task.

Full message: TypeError: NetworkError when attempting to fetch resource.
Full stack: 
*************************
*************************
A coding exception was thrown and uncaught in a Task.

Full message: TypeError: NetworkError when attempting to fetch resource.
Full stack: 
*************************
1498359161576	Marionette	INFO	Ceased listening
1498422863410	geckodriver	INFO	Listening on 127.0.0.1:55315
1498422864607	geckodriver::marionette	INFO	Starting browser /Applications/Firefox.app/Contents/MacOS/firefox-bin with args ["-marionette"]
1498422869156	Marionette	INFO	Listening on port 55327
1498422869266	Marionette	WARN	TLS certificate errors will be ignored for this session
JavaScript error: resource://gre/modules/XPCOMUtils.jsm, line 230: TypeError: Cc[aContract] is undefined
1498422869753	Marionette	DEBUG	loaded listener.js
1498422869860	Marionette	DEBUG	Received DOM event "beforeunload" for "about:blank"
2017-06-25 15:34:29.955 plugin-container[20758:6379640] *** CFMessagePort: bootstrap_register(): failed 1100 (0x44c) 'Permission denied', port = 0x953f, name = 'com.apple.tsm.portname'
See /usr/include/servers/bootstrap_defs.h for the error codes.
2017-06-25 15:34:29.960 plugin-container[20758:6379640] *** CFMessagePort: bootstrap_register(): failed 1100 (0x44c) 'Permission denied', port = 0x9807, name = 'com.apple.CFPasteboardClient'
See /usr/include/servers/bootstrap_defs.h for the error codes.
1498422920319	Marionette	DEBUG	Received DOM event "beforeunload" for "about:blank"
1498422920436	Marionette	DEBUG	Received DOM event "pagehide" for "about:blank"
1498422920436	Marionette	DEBUG	Received DOM event "unload" for "about:blank"
1498422920448	Marionette	DEBUG	Received observer notification "outer-window-destroyed" for "2147483649"
1498422924827	geckodriver	INFO	Listening on 127.0.0.1:55537
1498422926094	geckodriver::marionette	INFO	Starting browser /Applications/Firefox.app/Contents/MacOS/firefox-bin with args ["-marionette"]
1498422930428	Marionette	INFO	Listening on port 55546
1498422930558	Marionette	WARN	TLS certificate errors will be ignored for this session
1498422931299	Marionette	DEBUG	loaded listener.js
1498422931433	Marionette	DEBUG	Received DOM event "beforeunload" for "about:blank"
2017-06-25 15:35:31.595 plugin-container[20854:6381649] *** CFMessagePort: bootstrap_register(): failed 1100 (0x44c) 'Permission denied', port = 0x943f, name = 'com.apple.tsm.portname'
See /usr/include/servers/bootstrap_defs.h for the error codes.
2017-06-25 15:35:31.599 plugin-container[20854:6381649] *** CFMessagePort: bootstrap_register(): failed 1100 (0x44c) 'Permission denied', port = 0x9703, name = 'com.apple.CFPasteboardClient'
See /usr/include/servers/bootstrap_defs.h for the error codes.
1498422932052	Marionette	DEBUG	Received DOM event "pagehide" for "about:blank"
1498422932052	Marionette	DEBUG	Received DOM event "unload" for "about:blank"
1498422933338	Marionette	DEBUG	Received DOM event "DOMContentLoaded" for "https://letskodeit.teachable.com/p/practice"
1498422934499	Marionette	DEBUG	Received DOM event "DOMContentLoaded" for "https://letskodeit.teachable.com/courses"
1498422934721	Marionette	DEBUG	Received DOM event "DOMContentLoaded" for "https://dialog.filestackapi.com/dialog/comm_iframe/"
1498422934733	Marionette	DEBUG	Received DOM event "pageshow" for "https://dialog.filestackapi.com/dialog/comm_iframe/"
1498422934819	Marionette	DEBUG	Received DOM event "DOMContentLoaded" for "https://www.filestackapi.com/dialog/comm_iframe/"
1498422934823	Marionette	DEBUG	Received DOM event "pageshow" for "https://www.filestackapi.com/dialog/comm_iframe/"
1498422934826	Marionette	DEBUG	Received DOM event "DOMContentLoaded" for "https://dialog.filestackapi.com/dialog/comm_iframe/"
1498422934829	Marionette	DEBUG	Received DOM event "pageshow" for "https://dialog.filestackapi.com/dialog/comm_iframe/"
1498422934830	Marionette	DEBUG	Received DOM event "DOMContentLoaded" for "https://www.filestackapi.com/dialog/comm_iframe/"
1498422934831	Marionette	DEBUG	Received DOM event "pageshow" for "https://www.filestackapi.com/dialog/comm_iframe/"
1498422934901	Marionette	DEBUG	Received DOM event "pageshow" for "https://letskodeit.teachable.com/courses"
1498422934978	Marionette	DEBUG	Received DOM event "DOMContentLoaded" for "https://fast.wistia.com/embed/iframe_shim?domain=com"
1498422934981	Marionette	DEBUG	Received DOM event "pageshow" for "https://fast.wistia.com/embed/iframe_shim?domain=com"
1498422935033	Marionette	DEBUG	Received DOM event "DOMContentLoaded" for "https://fast.wistia.com/embed/iframe_shim?domain=com"
1498422935036	Marionette	DEBUG	Received DOM event "pageshow" for "https://fast.wistia.com/embed/iframe_shim?domain=com"
1498422935096	Marionette	DEBUG	Received DOM event "pageshow" for "https://letskodeit.teachable.com/p/practice"
1498422944562	Marionette	INFO	Ceased listening
1498443907910	geckodriver	INFO	Listening on 127.0.0.1:61072
1498443909066	geckodriver::marionette	INFO	Starting browser /Applications/Firefox.app/Contents/MacOS/firefox-bin with args ["-marionette"]
1498443912856	Marionette	INFO	Listening on port 61081
1498443912955	Marionette	WARN	TLS certificate errors will be ignored for this session
1498443913411	Marionette	DEBUG	loaded listener.js
1498443913514	Marionette	DEBUG	Received DOM event "beforeunload" for "about:blank"
2017-06-25 21:25:13.594 plugin-container[24255:6517749] *** CFMessagePort: bootstrap_register(): failed 1100 (0x44c) 'Permission denied', port = 0x943b, name = 'com.apple.tsm.portname'
See /usr/include/servers/bootstrap_defs.h for the error codes.
2017-06-25 21:25:13.604 plugin-container[24255:6517749] *** CFMessagePort: bootstrap_register(): failed 1100 (0x44c) 'Permission denied', port = 0x9703, name = 'com.apple.CFPasteboardClient'
See /usr/include/servers/bootstrap_defs.h for the error codes.
1498443914057	Marionette	DEBUG	Received DOM event "pagehide" for "about:blank"
1498443914058	Marionette	DEBUG	Received DOM event "unload" for "about:blank"
1498443915456	Marionette	DEBUG	Received DOM event "DOMContentLoaded" for "http://letskodeit.teachable.com/p/practice"
1498443916063	Marionette	DEBUG	Received DOM event "pageshow" for "http://letskodeit.teachable.com/p/practice"
1498443916078	Marionette	DEBUG	Received DOM event "DOMContentLoaded" for "about:blank"
1498443916080	Marionette	DEBUG	Received DOM event "pageshow" for "about:blank"
1498443916380	Marionette	DEBUG	Received DOM event "DOMContentLoaded" for "https://www.filestackapi.com/dialog/comm_iframe/"
1498443916383	Marionette	DEBUG	Received DOM event "pageshow" for "https://www.filestackapi.com/dialog/comm_iframe/"
1498443916778	Marionette	DEBUG	Received DOM event "DOMContentLoaded" for "https://dialog.filestackapi.com/dialog/comm_iframe/"
1498443916781	Marionette	DEBUG	Received DOM event "pageshow" for "https://dialog.filestackapi.com/dialog/comm_iframe/"
1498443916804	Marionette	DEBUG	Received DOM event "pageshow" for "http://letskodeit.teachable.com/p/practice"
1498444061745	Marionette	INFO	Ceased listening
